To honour the JVM settings for this build a single-use Daemon process will be forked. For more on this, please refer to https://docs.gradle.org/9.3.0/userguide/gradle_daemon.html#sec:disabling_the_daemon in the Gradle documentation.
Daemon will be stopped at the end of the build 

> Task :tasks

------------------------------------------------------------
Tasks runnable from root project 'delta-job-tracker'
------------------------------------------------------------

Application tasks
-----------------
bootRun - Runs this project as a Spring Boot application.
bootTestRun - Runs this project as a Spring Boot application using the test runtime classpath.

Build tasks
-----------
assemble - Assembles the outputs of this project.
bootBuildImage - Builds an OCI image of the application using the output of the bootJar task
bootJar - Assembles an executable jar archive containing the main classes and their dependencies.
build - Assembles and tests this project.
buildDependents - Assembles and tests this project and all projects that depend on it.
buildNeeded - Assembles and tests this project and all projects it depends on.
classes - Assembles main classes.
clean - Deletes the build directory.
jar - Assembles a jar archive containing the classes of the 'main' feature.
resolveMainClassName - Resolves the name of the application's main class.
resolveTestMainClassName - Resolves the name of the application's test main class.
testClasses - Assembles test classes.

Build Setup tasks
-----------------
init - Initializes a new Gradle build.
updateDaemonJvm - Generates or updates the Gradle Daemon JVM criteria.
wrapper - Generates Gradle wrapper files.

Documentation tasks
-------------------
javadoc - Generates Javadoc API documentation for the 'main' feature.

Help tasks
----------
artifactTransforms - Displays the Artifact Transforms that can be executed in root project 'delta-job-tracker'.
buildEnvironment - Displays all buildscript dependencies declared in root project 'delta-job-tracker'.
dependencies - Displays all dependencies declared in root project 'delta-job-tracker'.
dependencyInsight - Displays the insight into a specific dependency in root project 'delta-job-tracker'.
dependencyManagement - Displays the dependency management declared in root project 'delta-job-tracker'.
help - Displays a help message.
javaToolchains - Displays the detected java toolchains.
kotlinDslAccessorsReport - Prints the Kotlin code for accessing the currently available project extensions.
outgoingVariants - Displays the outgoing variants of root project 'delta-job-tracker'.
projects - Displays the sub-projects of root project 'delta-job-tracker'.
properties - Displays the properties of root project 'delta-job-tracker'.
resolvableConfigurations - Displays the configurations that can be resolved in root project 'delta-job-tracker'.
tasks - Displays the tasks runnable from root project 'delta-job-tracker'.

Verification tasks
------------------
check - Runs all checks.
spotlessApply - Applies code formatting steps to sourcecode in-place.
spotlessCheck - Checks that sourcecode satisfies formatting steps.
spotlessDiagnose
spotlessJava
spotlessJavaApply
spotlessJavaCheck
spotlessJavaDiagnose
spotlessResources
spotlessResourcesApply
spotlessResourcesCheck
spotlessResourcesDiagnose
spotlessSql
spotlessSqlApply
spotlessSqlCheck
spotlessSqlDiagnose
test - Runs the test suite.

Rules
-----
Pattern: clean<TaskName>: Cleans the output files of a task.
Pattern: build<ConfigurationName>: Assembles the artifacts of a configuration.

To see all tasks and more detail, run gradlew tasks --all

To see more detail about a task, run gradlew help --task <task>

BUILD SUCCESSFUL in 8s
1 actionable task: 1 executed
Consider enabling configuration cache to speed up this build: https://docs.gradle.org/9.3.0/userguide/configuration_cache_enabling.html
