To honour the JVM settings for this build a single-use Daemon process will be forked. For more on this, please refer to https://docs.gradle.org/9.3.0/userguide/gradle_daemon.html#sec:disabling_the_daemon in the Gradle documentation.
Daemon will be stopped at the end of the build 
> Task :compileJava UP-TO-DATE
> Task :processResources UP-TO-DATE
> Task :classes UP-TO-DATE
> Task :resolveMainClassName UP-TO-DATE

> Task :bootRun

  .   ____          _            __ _ _
 /\\ / ___'_ __ _ _(_)_ __  __ _ \ \ \ \
( ( )\___ | '_ | '_| | '_ \/ _` | \ \ \ \
 \\/  ___)| |_)| | | | | || (_| |  ) ) ) )
  '  |____| .__|_| |_|_| |_\__, | / / / /
 =========|_|==============|___/=/_/_/_/

 :: Spring Boot ::                (v4.0.2)

2026-02-21T11:29:41.636-05:00  INFO 9965 --- [           main] c.d.j.DeltaJobTrackerApplication         : Starting DeltaJobTrackerApplication using Java 21.0.10 with PID 9965 (/home/bhatt/programming/delta-job-tracker/backend/build/classes/java/main started by bhatt in /home/bhatt/programming/delta-job-tracker/backend)
2026-02-21T11:29:41.640-05:00  INFO 9965 --- [           main] c.d.j.DeltaJobTrackerApplication         : No active profile set, falling back to 1 default profile: "default"
2026-02-21T11:29:42.851-05:00  INFO 9965 --- [           main] o.s.boot.tomcat.TomcatWebServer          : Tomcat initialized with port 8080 (http)
2026-02-21T11:29:42.864-05:00  INFO 9965 --- [           main] o.apache.catalina.core.StandardService   : Starting service [Tomcat]
2026-02-21T11:29:42.864-05:00  INFO 9965 --- [           main] o.apache.catalina.core.StandardEngine    : Starting Servlet engine: [Apache Tomcat/11.0.15]
2026-02-21T11:29:42.902-05:00  INFO 9965 --- [           main] b.w.c.s.WebApplicationContextInitializer : Root WebApplicationContext: initialization completed in 1214 ms
2026-02-21T11:29:43.339-05:00  INFO 9965 --- [           main] com.zaxxer.hikari.HikariDataSource       : HikariPool-1 - Starting...
2026-02-21T11:29:43.469-05:00  INFO 9965 --- [           main] com.zaxxer.hikari.pool.HikariPool        : HikariPool-1 - Added connection org.postgresql.jdbc.PgConnection@5fb7ab9c
2026-02-21T11:29:43.471-05:00  INFO 9965 --- [           main] com.zaxxer.hikari.HikariDataSource       : HikariPool-1 - Start completed.
2026-02-21T11:29:43.498-05:00  INFO 9965 --- [           main] org.flywaydb.core.FlywayExecutor         : Database: jdbc:postgresql://localhost:5432/delta_job_tracker (PostgreSQL 16.12)
2026-02-21T11:29:43.565-05:00  INFO 9965 --- [           main] o.f.core.internal.command.DbValidate     : Successfully validated 20 migrations (execution time 00:00.038s)
2026-02-21T11:29:43.602-05:00  INFO 9965 --- [           main] o.f.core.internal.command.DbMigrate      : Current version of schema "public": 20
2026-02-21T11:29:43.605-05:00  INFO 9965 --- [           main] o.f.core.internal.command.DbMigrate      : Schema "public" is up to date. No migration necessary.
2026-02-21T11:29:43.912-05:00  INFO 9965 --- [           main] o.s.b.w.a.WelcomePageHandlerMapping      : Adding welcome page: class path resource [static/index.html]
2026-02-21T11:29:44.242-05:00  INFO 9965 --- [           main] o.s.b.a.e.web.EndpointLinksResolver      : Exposing 1 endpoint beneath base path '/actuator'
2026-02-21T11:29:44.299-05:00  WARN 9965 --- [           main] ConfigServletWebServerApplicationContext : Exception encountered during context initialization - cancelling refresh attempt: org.springframework.context.ApplicationContextException: Failed to start bean 'webServerStartStop'
2026-02-21T11:29:44.302-05:00  INFO 9965 --- [           main] com.zaxxer.hikari.HikariDataSource       : HikariPool-1 - Shutdown initiated...
2026-02-21T11:29:44.304-05:00  INFO 9965 --- [           main] com.zaxxer.hikari.HikariDataSource       : HikariPool-1 - Shutdown completed.
2026-02-21T11:29:44.314-05:00  INFO 9965 --- [           main] .s.b.a.l.ConditionEvaluationReportLogger : 

Error starting ApplicationContext. To display the condition evaluation report re-run your application with 'debug' enabled.
2026-02-21T11:29:44.325-05:00 ERROR 9965 --- [           main] o.s.b.d.LoggingFailureAnalysisReporter   : 

***************************
APPLICATION FAILED TO START
***************************

Description:

Web server failed to start. Port 8080 was already in use.

Action:

Identify and stop the process that's listening on port 8080 or configure this application to listen on another port.


> Task :bootRun FAILED

FAILURE: Build failed with an exception.

* What went wrong:
Execution failed for task ':bootRun'.
> Process 'command '/usr/lib/jvm/java-21-openjdk-amd64/bin/java'' finished with non-zero exit value 1

* Try:
> Run with --stacktrace option to get the stack trace.
> Run with --info or --debug option to get more log output.
> Run with --scan to get full insights from a Build Scan (powered by Develocity).
> Get more help at https://help.gradle.org.

BUILD FAILED in 11s
4 actionable tasks: 1 executed, 3 up-to-date
